Performing C SOURCE FILE Test CMAKE_HAVE_LIBC_PTHREAD failed with the following output:
Change Dir: /global/homes/y/yuxiaoli/MSz/build/CMakeFiles/CMakeTmp

Run Build Command(s):/usr/bin/gmake -f Makefile cmTC_f91d9/fast && /usr/bin/gmake  -f CMakeFiles/cmTC_f91d9.dir/build.make CMakeFiles/cmTC_f91d9.dir/build
gmake[1]: Entering directory '/global/u2/y/yuxiaoli/MSz/build/CMakeFiles/CMakeTmp'
Building C object CMakeFiles/cmTC_f91d9.dir/src.c.o
/opt/cray/pe/gcc/12.2.0/bin/gcc -DCMAKE_HAVE_LIBC_PTHREAD   -o CMakeFiles/cmTC_f91d9.dir/src.c.o -c /global/homes/y/yuxiaoli/MSz/build/CMakeFiles/CMakeTmp/src.c
Linking C executable cmTC_f91d9
/usr/bin/cmake -E cmake_link_script CMakeFiles/cmTC_f91d9.dir/link.txt --verbose=1
/opt/cray/pe/gcc/12.2.0/bin/gcc -L/global/homes/y/yuxiaoli/z3-install/lib:-L/global/homes/y/yuxiaoli/z3-install/lib:-L/global/homes/y/yuxiaoli/z3-install/lib:-L/global/homes/y/yuxiaoli/z3-install/lib:-L/global/homes/y/yuxiaoli/z3-install/lib:  CMakeFiles/cmTC_f91d9.dir/src.c.o -o cmTC_f91d9 
/usr/bin/ld: CMakeFiles/cmTC_f91d9.dir/src.c.o: in function `main':
src.c:(.text+0x2d): undefined reference to `pthread_create'
/usr/bin/ld: src.c:(.text+0x39): undefined reference to `pthread_detach'
/usr/bin/ld: src.c:(.text+0x45): undefined reference to `pthread_cancel'
/usr/bin/ld: src.c:(.text+0x56): undefined reference to `pthread_join'
collect2: error: ld returned 1 exit status
gmake[1]: *** [CMakeFiles/cmTC_f91d9.dir/build.make:99: cmTC_f91d9] Error 1
gmake[1]: Leaving directory '/global/u2/y/yuxiaoli/MSz/build/CMakeFiles/CMakeTmp'
gmake: *** [Makefile:127: cmTC_f91d9/fast] Error 2


Source file was:
#include <pthread.h>

static void* test_func(void* data)
{
  return data;
}

int main(void)
{
  pthread_t thread;
  pthread_create(&thread, NULL, test_func, NULL);
  pthread_detach(thread);
  pthread_cancel(thread);
  pthread_join(thread, NULL);
  pthread_atfork(NULL, NULL, NULL);
  pthread_exit(NULL);

  return 0;
}

Determining if the function pthread_create exists in the pthreads failed with the following output:
Change Dir: /global/homes/y/yuxiaoli/MSz/build/CMakeFiles/CMakeTmp

Run Build Command(s):/usr/bin/gmake -f Makefile cmTC_c4506/fast && /usr/bin/gmake  -f CMakeFiles/cmTC_c4506.dir/build.make CMakeFiles/cmTC_c4506.dir/build
gmake[1]: Entering directory '/global/u2/y/yuxiaoli/MSz/build/CMakeFiles/CMakeTmp'
Building C object CMakeFiles/cmTC_c4506.dir/CheckFunctionExists.c.o
/opt/cray/pe/gcc/12.2.0/bin/gcc   -DCHECK_FUNCTION_EXISTS=pthread_create -o CMakeFiles/cmTC_c4506.dir/CheckFunctionExists.c.o -c /usr/share/cmake/Modules/CheckFunctionExists.c
Linking C executable cmTC_c4506
/usr/bin/cmake -E cmake_link_script CMakeFiles/cmTC_c4506.dir/link.txt --verbose=1
/opt/cray/pe/gcc/12.2.0/bin/gcc  -DCHECK_FUNCTION_EXISTS=pthread_create -L/global/homes/y/yuxiaoli/z3-install/lib:-L/global/homes/y/yuxiaoli/z3-install/lib:-L/global/homes/y/yuxiaoli/z3-install/lib:-L/global/homes/y/yuxiaoli/z3-install/lib:-L/global/homes/y/yuxiaoli/z3-install/lib:  CMakeFiles/cmTC_c4506.dir/CheckFunctionExists.c.o -o cmTC_c4506  -lpthreads 
/usr/bin/ld: cannot find -lpthreads: No such file or directory
collect2: error: ld returned 1 exit status
gmake[1]: *** [CMakeFiles/cmTC_c4506.dir/build.make:99: cmTC_c4506] Error 1
gmake[1]: Leaving directory '/global/u2/y/yuxiaoli/MSz/build/CMakeFiles/CMakeTmp'
gmake: *** [Makefile:127: cmTC_c4506/fast] Error 2



